<?xml version="1.0" encoding="UTF-8"?>
<!-- Generated by org.testng.reporters.JUnitReportReporter -->
<testsuite hostname="DESKTOP-EHC392M" failures="0" tests="1" name="com.travel.irctc.project_irctc.BookTicket" time="0.007" errors="0" timestamp="2022-04-10T23:19:34 IST" skipped="0">
  <testcase classname="com.travel.irctc.project_irctc.BookTicket" name="bookTicket" time="0.007"/>
  <system-out/>
</testsuite> <!-- com.travel.irctc.project_irctc.BookTicket -->
